<?xml version="1.0" encoding="UTF-8"?>
<!-- Generated by org.testng.reporters.JUnitXMLReporter -->
<testsuite hostname="DESKTOP-OH56QJU" ignored="0" name="LoginTest" tests="2" failures="1" timestamp="2023-02-17T14:08:33 IST" time="33.735" errors="0">
  <testcase name="verifyLogo on [LoginPageTest passed=0 failed=0 skipped=0]" time="0.484" classname="com.OrangeHRM.testcases.LoginPageTest">
    <failure type="java.lang.AssertionError" message="expected [true] but found [false]">
      <![CDATA[java.lang.AssertionError: expected [true] but found [false]
at com.OrangeHRM.testcases.LoginPageTest.verifyLogo(LoginPageTest.java:19)
at java.util.ArrayList.forEach(ArrayList.java:1257)
... Removed 31 stack frames]]>
    </failure>
  </testcase> <!-- verifyLogo on [LoginPageTest passed=0 failed=0 skipped=0] -->
  <testcase name="loginTest on [LoginPageTest passed=0 failed=0 skipped=0]" time="6.595" classname="com.OrangeHRM.testcases.LoginPageTest"/>
</testsuite> <!-- LoginTest -->
