<?xml version="1.0" encoding="UTF-8"?>
<testng-results skipped="0" failed="1" ignored="0" total="4" passed="3">
  <reporter-output>
  </reporter-output>
  <suite name="Suite" duration-ms="81315" started-at="2023-02-17T14:07:59 IST" finished-at="2023-02-17T14:09:21 IST">
    <groups>
    </groups>
    <test name="LoginTest" duration-ms="33735" started-at="2023-02-17T14:07:59 IST" finished-at="2023-02-17T14:08:33 IST">
      <class name="com.OrangeHRM.testcases.LoginPageTest">
        <test-method status="PASS" signature="setExtent()[pri:0, instance:[LoginPageTest passed=0 failed=0 skipped=0]]" name="setExtent" is-config="true" duration-ms="148" started-at="2023-02-17T14:07:59 IST" finished-at="2023-02-17T14:08:00 IST">
          <reporter-output>
          </reporter-output>
        </test-method> <!-- setExtent -->
        <test-method status="PASS" signature="setup()[pri:0, instance:[LoginPageTest passed=0 failed=0 skipped=0]]" name="setup" is-config="true" duration-ms="13752" started-at="2023-02-17T14:08:00 IST" finished-at="2023-02-17T14:08:13 IST">
          <reporter-output>
          </reporter-output>
        </test-method> <!-- setup -->
        <test-method status="FAIL" signature="verifyLogo()[pri:1, instance:[LoginPageTest passed=0 failed=0 skipped=0]]" name="verifyLogo" duration-ms="484" started-at="2023-02-17T14:08:13 IST" finished-at="2023-02-17T14:08:14 IST">
          <exception class="java.lang.AssertionError">
            <message>
              <![CDATA[expected [true] but found [false]]]>
            </message>
            <full-stacktrace>
              <![CDATA[java.lang.AssertionError: expected [true] but found [false]
at org.testng.Assert.fail(Assert.java:99)
at org.testng.Assert.failNotEquals(Assert.java:1037)
at org.testng.Assert.assertTrue(Assert.java:45)
at org.testng.Assert.assertTrue(Assert.java:55)
at com.OrangeHRM.testcases.LoginPageTest.verifyLogo(LoginPageTest.java:19)
at sun.reflect.NativeMethodAccessorImpl.invoke0(Native Method)
at sun.reflect.NativeMethodAccessorImpl.invoke(NativeMethodAccessorImpl.java:62)
at sun.reflect.DelegatingMethodAccessorImpl.invoke(DelegatingMethodAccessorImpl.java:43)
at java.lang.reflect.Method.invoke(Method.java:498)
at org.testng.internal.MethodInvocationHelper.invokeMethod(MethodInvocationHelper.java:133)
at org.testng.internal.TestInvoker.invokeMethod(TestInvoker.java:598)
at org.testng.internal.TestInvoker.invokeTestMethod(TestInvoker.java:173)
at org.testng.internal.MethodRunner.runInSequence(MethodRunner.java:46)
at org.testng.internal.TestInvoker$MethodInvocationAgent.invoke(TestInvoker.java:824)
at org.testng.internal.TestInvoker.invokeTestMethods(TestInvoker.java:146)
at org.testng.internal.TestMethodWorker.invokeTestMethods(TestMethodWorker.java:146)
at org.testng.internal.TestMethodWorker.run(TestMethodWorker.java:128)
at java.util.ArrayList.forEach(ArrayList.java:1257)
at org.testng.TestRunner.privateRun(TestRunner.java:794)
at org.testng.TestRunner.run(TestRunner.java:596)
at org.testng.SuiteRunner.runTest(SuiteRunner.java:377)
at org.testng.SuiteRunner.runSequentially(SuiteRunner.java:371)
at org.testng.SuiteRunner.privateRun(SuiteRunner.java:332)
at org.testng.SuiteRunner.run(SuiteRunner.java:276)
at org.testng.SuiteRunnerWorker.runSuite(SuiteRunnerWorker.java:53)
at org.testng.SuiteRunnerWorker.run(SuiteRunnerWorker.java:96)
at org.testng.TestNG.runSuitesSequentially(TestNG.java:1212)
at org.testng.TestNG.runSuitesLocally(TestNG.java:1134)
at org.testng.TestNG.runSuites(TestNG.java:1063)
at org.testng.TestNG.run(TestNG.java:1031)
at org.testng.remote.AbstractRemoteTestNG.run(AbstractRemoteTestNG.java:115)
at org.testng.remote.RemoteTestNG.initAndRun(RemoteTestNG.java:251)
at org.testng.remote.RemoteTestNG.main(RemoteTestNG.java:77)
]]>
            </full-stacktrace>
          </exception> <!-- java.lang.AssertionError -->
          <reporter-output>
          </reporter-output>
        </test-method> <!-- verifyLogo -->
        <test-method status="PASS" signature="result(org.testng.ITestResult)[pri:0, instance:[LoginPageTest passed=0 failed=0 skipped=0]]" name="result" is-config="true" duration-ms="1654" started-at="2023-02-17T14:08:14 IST" finished-at="2023-02-17T14:08:16 IST">
          <params>
            <param index="0">
              <value>
                <![CDATA[[TestResult name=verifyLogo on [LoginPageTest passed=0 failed=0 skipped=0] status=FAILURE method=LoginPageTest.verifyLogo()[pri:1, instance:[LoginPageTest passed=0 failed=0 skipped=0]] output={null}]]]>
              </value>
            </param>
          </params>
          <reporter-output>
          </reporter-output>
        </test-method> <!-- result -->
        <test-method status="PASS" signature="setup()[pri:0, instance:[LoginPageTest passed=0 failed=0 skipped=0]]" name="setup" is-config="true" duration-ms="10032" started-at="2023-02-17T14:08:16 IST" finished-at="2023-02-17T14:08:26 IST">
          <reporter-output>
          </reporter-output>
        </test-method> <!-- setup -->
        <test-method status="PASS" signature="loginTest()[pri:2, instance:[LoginPageTest passed=0 failed=0 skipped=0]]" name="loginTest" duration-ms="6595" started-at="2023-02-17T14:08:26 IST" finished-at="2023-02-17T14:08:32 IST">
          <reporter-output>
          </reporter-output>
        </test-method> <!-- loginTest -->
        <test-method status="PASS" signature="result(org.testng.ITestResult)[pri:0, instance:[LoginPageTest passed=0 failed=0 skipped=0]]" name="result" is-config="true" duration-ms="702" started-at="2023-02-17T14:08:32 IST" finished-at="2023-02-17T14:08:33 IST">
          <params>
            <param index="0">
              <value>
                <![CDATA[[TestResult name=loginTest on [LoginPageTest passed=0 failed=0 skipped=0] status=SUCCESS method=LoginPageTest.loginTest()[pri:2, instance:[LoginPageTest passed=0 failed=0 skipped=0]] output={null}]]]>
              </value>
            </param>
          </params>
          <reporter-output>
          </reporter-output>
        </test-method> <!-- result -->
        <test-method status="PASS" signature="endReport()[pri:0, instance:[LoginPageTest passed=0 failed=0 skipped=0]]" name="endReport" is-config="true" duration-ms="329" started-at="2023-02-17T14:08:33 IST" finished-at="2023-02-17T14:08:33 IST">
          <reporter-output>
          </reporter-output>
        </test-method> <!-- endReport -->
      </class> <!-- com.OrangeHRM.testcases.LoginPageTest -->
    </test> <!-- LoginTest -->
    <test name="HomeTest" duration-ms="23928" started-at="2023-02-17T14:08:33 IST" finished-at="2023-02-17T14:08:57 IST">
      <class name="com.OrangeHRM.testcases.HomePageTest">
        <test-method status="PASS" signature="setExtent()[pri:0, instance:[HomePageTest passed=0 failed=0 skipped=0]]" name="setExtent" is-config="true" duration-ms="2" started-at="2023-02-17T14:08:33 IST" finished-at="2023-02-17T14:08:33 IST">
          <reporter-output>
          </reporter-output>
        </test-method> <!-- setExtent -->
        <test-method status="PASS" signature="setup()[pri:0, instance:[HomePageTest passed=0 failed=0 skipped=0]]" name="setup" is-config="true" duration-ms="10854" started-at="2023-02-17T14:08:33 IST" finished-at="2023-02-17T14:08:44 IST">
          <reporter-output>
          </reporter-output>
        </test-method> <!-- setup -->
        <test-method status="PASS" signature="adminTabTest()[pri:3, instance:[HomePageTest passed=0 failed=0 skipped=0]]" name="adminTabTest" duration-ms="12350" started-at="2023-02-17T14:08:44 IST" finished-at="2023-02-17T14:08:56 IST">
          <reporter-output>
          </reporter-output>
        </test-method> <!-- adminTabTest -->
        <test-method status="PASS" signature="result(org.testng.ITestResult)[pri:0, instance:[HomePageTest passed=0 failed=0 skipped=0]]" name="result" is-config="true" duration-ms="678" started-at="2023-02-17T14:08:56 IST" finished-at="2023-02-17T14:08:57 IST">
          <params>
            <param index="0">
              <value>
                <![CDATA[[TestResult name=adminTabTest on [HomePageTest passed=0 failed=0 skipped=0] status=SUCCESS method=HomePageTest.adminTabTest()[pri:3, instance:[HomePageTest passed=0 failed=0 skipped=0]] output={null}]]]>
              </value>
            </param>
          </params>
          <reporter-output>
          </reporter-output>
        </test-method> <!-- result -->
        <test-method status="PASS" signature="endReport()[pri:0, instance:[HomePageTest passed=0 failed=0 skipped=0]]" name="endReport" is-config="true" duration-ms="41" started-at="2023-02-17T14:08:57 IST" finished-at="2023-02-17T14:08:57 IST">
          <reporter-output>
          </reporter-output>
        </test-method> <!-- endReport -->
      </class> <!-- com.OrangeHRM.testcases.HomePageTest -->
    </test> <!-- HomeTest -->
    <test name="SystemUserTest" duration-ms="23622" started-at="2023-02-17T14:08:57 IST" finished-at="2023-02-17T14:09:21 IST">
      <class name="com.OrangeHRM.testcases.SystemUserPageTest">
        <test-method status="PASS" signature="setExtent()[pri:0, instance:[SystemUserPageTest passed=0 failed=0 skipped=0]]" name="setExtent" is-config="true" duration-ms="2" started-at="2023-02-17T14:08:57 IST" finished-at="2023-02-17T14:08:57 IST">
          <reporter-output>
          </reporter-output>
        </test-method> <!-- setExtent -->
        <test-method status="PASS" signature="setup()[pri:0, instance:[SystemUserPageTest passed=0 failed=0 skipped=0]]" name="setup" is-config="true" duration-ms="9836" started-at="2023-02-17T14:08:57 IST" finished-at="2023-02-17T14:09:07 IST">
          <reporter-output>
          </reporter-output>
        </test-method> <!-- setup -->
        <test-method status="PASS" signature="validatenationalities()[pri:4, instance:[SystemUserPageTest passed=0 failed=0 skipped=0]]" name="validatenationalities" duration-ms="13022" started-at="2023-02-17T14:09:07 IST" finished-at="2023-02-17T14:09:20 IST">
          <reporter-output>
          </reporter-output>
        </test-method> <!-- validatenationalities -->
        <test-method status="PASS" signature="result(org.testng.ITestResult)[pri:0, instance:[SystemUserPageTest passed=0 failed=0 skipped=0]]" name="result" is-config="true" duration-ms="726" started-at="2023-02-17T14:09:20 IST" finished-at="2023-02-17T14:09:21 IST">
          <params>
            <param index="0">
              <value>
                <![CDATA[[TestResult name=validatenationalities on [SystemUserPageTest passed=0 failed=0 skipped=0] status=SUCCESS method=SystemUserPageTest.validatenationalities()[pri:4, instance:[SystemUserPageTest passed=0 failed=0 skipped=0]] output={null}]]]>
              </value>
            </param>
          </params>
          <reporter-output>
          </reporter-output>
        </test-method> <!-- result -->
        <test-method status="PASS" signature="endReport()[pri:0, instance:[SystemUserPageTest passed=0 failed=0 skipped=0]]" name="endReport" is-config="true" duration-ms="34" started-at="2023-02-17T14:09:21 IST" finished-at="2023-02-17T14:09:21 IST">
          <reporter-output>
          </reporter-output>
        </test-method> <!-- endReport -->
      </class> <!-- com.OrangeHRM.testcases.SystemUserPageTest -->
    </test> <!-- SystemUserTest -->
  </suite> <!-- Suite -->
</testng-results>
